[05-06-2025 14:49:09] - [[32minfo[39m]: [GET] Récupérer tout les utilisateurs
[05-06-2025 14:49:11] - [[32minfo[39m]: [GET] Récupérer tout les utilisateurs
[05-06-2025 14:49:16] - [[32minfo[39m]: [user] Créer un user
[05-06-2025 14:49:16] - [[32minfo[39m]: [POST] Créer un user
[05-06-2025 14:49:26] - [[32minfo[39m]: [GET] Récupérer tout les utilisateurs
[05-06-2025 14:53:44] - [[31merror[39m]: Erreur lors de la récupération de l'utilisateur: [
  {
    "validation": "email",
    "code": "invalid_string",
    "message": "Adresse email invalide",
    "path": [
      "email"
    ]
  }
]
[05-06-2025 14:54:27] - [[31merror[39m]: Erreur lors de la récupération de l'utilisateur: [
  {
    "validation": "email",
    "code": "invalid_string",
    "message": "Adresse email invalide",
    "path": [
      "email"
    ]
  }
]
[05-06-2025 14:54:37] - [[31merror[39m]: Erreur lors de la création de l'utilisateur: [
  {
    "validation": "email",
    "code": "invalid_string",
    "message": "Adresse email invalide",
    "path": [
      "email"
    ]
  }
]
[05-06-2025 14:54:51] - [[32minfo[39m]: [user] Créer un user
[05-06-2025 14:54:52] - [[31merror[39m]: Erreur lors de la création de l'utilisateur: Failed query: insert into "users" ("id", "email", "username", "password") values (default, $1, $2, $3) returning "id", "username"
params: belinda@caca.com,belinda,Cacahaha44.
[05-06-2025 14:55:35] - [[32minfo[39m]: [user] Créer un user
[05-06-2025 14:55:36] - [[31merror[39m]: Erreur lors de la création de l'utilisateur: Failed query: insert into "users" ("id", "email", "username", "password") values (default, $1, $2, $3) returning "id", "username"
params: belinda@caca.com,belinda,Cacahaha44.
[05-06-2025 14:55:43] - [[32minfo[39m]: [user] Créer un user
[05-06-2025 14:55:44] - [[32minfo[39m]: [POST] Créer un user
[05-06-2025 14:57:29] - [[31merror[39m]: Erreur lors de la création de l'utilisateur: Failed query: insert into "users" ("id", "email", "username", "password") values (default, $1, $2, $3) returning "id", "username"
params: belinda@caca.com,belindaa,Cacahaha44.
[05-06-2025 14:57:43] - [[31merror[39m]: Erreur lors de la création de l'utilisateur: Failed query: insert into "users" ("id", "email", "username", "password") values (default, $1, $2, $3) returning "id", "username"
params: belinda@caca.com,belindd,Cacahaha44.
[05-06-2025 14:57:49] - [[32minfo[39m]: [POST] Créer un utilisateur
[05-06-2025 14:58:01] - [[32minfo[39m]: [GET] Récupérer tout les utilisateurs
[05-06-2025 14:58:57] - [[32minfo[39m]: [GET] Récupérer tout les utilisateurs
[05-06-2025 15:00:59] - [[32minfo[39m]: [GET] Récupérer un user
[05-06-2025 15:03:31] - [[32minfo[39m]: [GET] Récupérer un utilisateur
[05-06-2025 15:08:36] - [[31merror[39m]: Erreur lors de la création de l'utilisateur: [
  {
    "code": "too_small",
    "minimum": 6,
    "type": "string",
    "inclusive": true,
    "exact": false,
    "message": "L'username doit contenir au moins 6 caractères ",
    "path": [
      "username"
    ]
  }
]
[05-06-2025 15:08:47] - [[32minfo[39m]: [POST] Créer un utilisateur
[05-06-2025 15:09:13] - [[32minfo[39m]: [GET] Récupérer tout les utilisateurs
[05-06-2025 15:09:18] - [[32minfo[39m]: [GET] Récupérer tout les utilisateurs
